[debug] > Exec(;set _root_.scala.collection.Seq(historyPath := None,shellPrompt := { _ => "" },(_root_.sbt.Global / SettingKey[_root_.scala.Option[_root_.sbt.File]]("sbtStructureOutputFile")) := _root_.scala.Some(_root_.sbt.file("C:/Users/2314l/AppData/Local/Temp/sbt-structure.xml")),(_root_.sbt.Global / SettingKey[_root_.java.lang.String]("sbtStructureOptions")) := "download, resolveSourceClassifiers, separateProdAndTestSources");apply -cp "C:/Users/2314l/AppData/Roaming/JetBrains/IntelliJIdea2025.1/plugins/Scala/repo/org/jetbrains/scala/sbt-structure-extractor_2.12_1.3/2025.1.5/sbt-structure-extractor-2025.1.5.jar" "org.jetbrains.sbt.CreateTasks" "sbt.jetbrains.LogDownloadArtifacts";preferScala2;Global / dumpStructure, Some(e7ca735c-f1e7-48f5-bfdb-67e2b647b646), Some(CommandSource(console0)))
[debug] > Exec(set _root_.scala.collection.Seq(historyPath := None,shellPrompt := { _ => "" },(_root_.sbt.Global / SettingKey[_root_.scala.Option[_root_.sbt.File]]("sbtStructureOutputFile")) := _root_.scala.Some(_root_.sbt.file("C:/Users/2314l/AppData/Local/Temp/sbt-structure.xml")),(_root_.sbt.Global / SettingKey[_root_.java.lang.String]("sbtStructureOptions")) := "download, resolveSourceClassifiers, separateProdAndTestSources"), None, Some(CommandSource(console0)))
[info] Defining Global / sbtStructureOptions, Global / sbtStructureOutputFile and 1 others.
[info] The new values will be used by cleanKeepGlobs
[info] 	Run `last` for details.
[debug] Defining 
[debug] 	Global / sbtStructureOptions
[debug] 	Global / sbtStructureOutputFile
[debug] 	history
[debug] 	shellPrompt
[debug] 
[debug] The new values will be used by 
[debug] 	cleanKeepGlobs
[info] Reapplying settings...
[info] set current project to scala-kis-zh (in build file:/C:/Egyetem/Programozási%20nyelvek/gyakorlás/Scala%20kis%20ZH/)
[debug] > Exec(apply -cp "C:/Users/2314l/AppData/Roaming/JetBrains/IntelliJIdea2025.1/plugins/Scala/repo/org/jetbrains/scala/sbt-structure-extractor_2.12_1.3/2025.1.5/sbt-structure-extractor-2025.1.5.jar" "org.jetbrains.sbt.CreateTasks" "sbt.jetbrains.LogDownloadArtifacts", None, Some(CommandSource(console0)))
[info] Applying State transformations org.jetbrains.sbt.CreateTasks, sbt.jetbrains.LogDownloadArtifacts from C:/Users/2314l/AppData/Roaming/JetBrains/IntelliJIdea2025.1/plugins/Scala/repo/org/jetbrains/scala/sbt-structure-extractor_2.12_1.3/2025.1.5/sbt-structure-extractor-2025.1.5.jar
[info] Reapplying settings...
[info] set current project to scala-kis-zh (in build file:/C:/Egyetem/Programozási%20nyelvek/gyakorlás/Scala%20kis%20ZH/)
[info] Reapplying settings...
[info] set current project to scala-kis-zh (in build file:/C:/Egyetem/Programozási%20nyelvek/gyakorlás/Scala%20kis%20ZH/)
[debug] > Exec(preferScala2, None, Some(CommandSource(console0)))
[debug] > Exec(Global / dumpStructure, None, Some(CommandSource(console0)))
[debug] Evaluating tasks: Global / dumpStructure
[debug] Running task... Cancel: Signal, check cycles: false, forcegc: true
