[debug] > Exec(early(addDefaultCommands), None, None)
[debug] > Exec(addDefaultCommands, None, None)
[debug] > Exec(early(initialize), None, None)
[debug] > Exec(initialize, None, None)
[debug] > Exec(boot, None, None)
[debug] > Exec(writeSbtVersion, None, None)
[warn] No sbt.version set in project/build.properties, base directory: C:\Egyetem\Programozási nyelvek\gyakorlás\Scala kis ZH
[debug] > Exec(reload, None, None)
[debug] > Exec(sbtStashOnFailure, None, None)
[debug] > Exec(onFailure loadFailed, None, None)
[debug] > Exec(loadp, None, None)
[info] welcome to sbt 1.10.7 (Oracle Corporation Java 22.0.1)
[debug] Load.defaultLoad until apply took 258.403ms
[debug]     Load.loadUnit: plugins took 100.6688ms
[debug]     Load.loadUnit: defsScala took 0.9836ms
[debug] [Loading] Scanning directory C:\Egyetem\Programozási nyelvek\gyakorlás\Scala kis ZH
[debug] [Loading] Found non-root projects 
[debug] [Loading] Done in C:\Egyetem\Programozási nyelvek\gyakorlás\Scala kis ZH, returning: ()
[debug] deducing auto plugins based on known facts Set(Atom(sbt.plugins.CorePlugin)) and clauses Clauses(Clause(Atom(sbt.plugins.JvmPlugin),Set(Atom(sbt.plugins.IvyPlugin)))
[debug] Clause(Atom(sbt.ScriptedPlugin),Set(Atom(sbt.plugins.JvmPlugin)))
[debug] Clause(Atom(sbt.plugins.SbtPlugin),Set(Atom(sbt.ScriptedPlugin)))
[debug] Clause(Atom(sbt.plugins.SemanticdbPlugin),Set(Atom(sbt.plugins.JvmPlugin)))
[debug] Clause(Atom(sbt.plugins.JUnitXmlReportPlugin),Set(Atom(sbt.plugins.JvmPlugin)))
[debug] Clause(Atom(sbt.plugins.MiniDependencyTreePlugin),Set(Atom(sbt.plugins.JvmPlugin)))
[debug] Clause(Atom(sbt.plugins.CorePlugin),Set(Atom(sbt.plugins.IvyPlugin)))
[debug] Clause(Atom(sbt.plugins.IvyPlugin),Set(Atom(sbt.plugins.JvmPlugin)))
[debug] Clause(Atom(sbt.plugins.JvmPlugin),Set(Atom(sbt.plugins.SemanticdbPlugin)))
[debug] Clause(Atom(sbt.plugins.JvmPlugin),Set(Atom(sbt.plugins.JUnitXmlReportPlugin)))
[debug] Clause(Atom(sbt.plugins.CorePlugin),Set(Atom(sbt.plugins.Giter8TemplatePlugin)))
[debug] Clause(Atom(sbt.plugins.JvmPlugin),Set(Atom(sbt.plugins.MiniDependencyTreePlugin))))
[debug]   :: deduced result: Matched(sbt.plugins.CorePlugin,sbt.plugins.Giter8TemplatePlugin,sbt.plugins.IvyPlugin,sbt.plugins.JvmPlugin,sbt.plugins.MiniDependencyTreePlugin,sbt.plugins.JUnitXmlReportPlugin,sbt.plugins.SemanticdbPlugin)
[debug] Plugins.deducer#function took 38.6335 ms
[debug]         Load.resolveProject(scala-kis-zh) took 57.7939ms
[debug]       Load.loadTransitive: finalizeProject(Project(id scala-kis-zh, base: C:\Egyetem\Programozási nyelvek\gyakorlás\Scala kis ZH, plugins: List(<none>))) took 142.7244ms
[debug] [Loading] Done in C:\Egyetem\Programozási nyelvek\gyakorlás\Scala kis ZH, returning: (scala-kis-zh)
[debug]     Load.loadUnit: loadedProjectsRaw took 187.5269ms
[debug]     Load.loadUnit: cleanEvalClasses took 0.4085ms
[debug]   Load.loadUnit(file:/C:/Egyetem/Programozási%20nyelvek/gyakorlás/Scala%20kis%20ZH/, ...) took 305.7983ms
[debug] Load.apply: load took 559.6654ms
[debug] Load.apply: resolveProjects took 5.0807ms
[debug] Load.apply: finalTransforms took 112.6859ms
[debug] Load.apply: config.delegates took 14.2011ms
[debug] Load.apply: Def.make(settings)... took 607.1923ms
[debug] Load.apply: structureIndex took 131.5923ms
[debug] Load.apply: mkStreams took 1.9576ms
[info] set current project to scala-kis-zh (in build file:/C:/Egyetem/Programozási%20nyelvek/gyakorlás/Scala%20kis%20ZH/)
[debug] > Exec(sbtPopOnFailure, None, None)
[debug] > Exec(resumeFromFailure, None, None)
[debug] > Exec(notifyUsersAboutShell, None, None)
[debug] > Exec(iflast shell, None, None)
[debug] > Exec(shell, None, None)
[info] sbt server started at local:sbt-server-2ca1ba23b25f92d58d2f
[debug] Writing bsp connection file
[info] started sbt server
